Parsing file unsolved/maman.sdk.
+---+---+---+
|1..|..7|.9.|
|.3.|.2.|..8|
|..9|6..|5..|
+---+---+---+
|..5|3..|9..|
|.1.|.8.|..2|
|6..|..4|...|
+---+---+---+
|3..|...|.1.|
|.4.|...|..7|
|..7|...|3..|
+---+---+---+
Deadlock!  Backtracking...
Deadlock!  Backtracking...
Deadlock!  Backtracking...
Deadlock!  Backtracking...
Deadlock!  Backtracking...
Deadlock!  Backtracking...
Deadlock!  Backtracking...
Deadlock!  Backtracking...
Deadlock!  Backtracking...
Deadlock!  Backtracking...
Deadlock!  Backtracking...
Deadlock!  Backtracking...
Deadlock!  Backtracking...
Deadlock!  Backtracking...
Deadlock!  Backtracking...
Deadlock!  Backtracking...
Deadlock!  Backtracking...
Deadlock!  Backtracking...
Deadlock!  Backtracking...
Deadlock!  Backtracking...
Deadlock!  Backtracking...
Deadlock!  Backtracking...
Deadlock!  Backtracking...
Deadlock!  Backtracking...
Deadlock!  Backtracking...
Deadlock!  Backtracking...
Deadlock!  Backtracking...
Deadlock!  Backtracking...
Deadlock!  Backtracking...
Deadlock!  Backtracking...
Deadlock!  Backtracking...
Deadlock!  Backtracking...
Deadlock!  Backtracking...
Deadlock!  Backtracking...
Deadlock!  Backtracking...
Deadlock!  Backtracking...
Deadlock!  Backtracking...
Deadlock!  Backtracking...
Deadlock!  Backtracking...
+---+---+---+
|156|847|294|
|734|529|168|
|289|613|574|
+---+---+---+
|475|362|981|
|913|786|452|
|628|154|735|
+---+---+---+
|362|476|819|
|841|258|857|
|867|945|359|
+---+---+---+
